Build started 27.04.2024 21:43:55.
     1>Project "C:\Projects\C89ShellSort\Eco.Lab1\AssemblyFiles\Windows\VisualStudio_10\Eco.Lab1UnitTest.vcxproj" on node 3 (build target(s)).
     1>InitializeBuildStatus:
         Creating "Eco.Lab1UnitTest\DynamicRelease\Eco.Lab1UnitTest.unsuccessfulbuild" because "AlwaysCreate" was specified.
       ClCompile:
         C:\Program Files (x86)\Microsoft Visual Studio 10.0\VC\bin\CL.exe /c /I..\..\..\HeaderFiles /I..\..\..\SharedFiles /IC:\Users\antip\Downloads\Eco.Framework_20230409\Eco.Framework\Eco.Core1\SharedFiles /IC:\Users\antip\Downloads\Eco.Framework_20230409\Eco.Framework\Eco.InterfaceBus1\SharedFiles /IC:\Users\antip\Downloads\Eco.Framework_20230409\Eco.Framework\Eco.System1\SharedFiles /IC:\Users\antip\Downloads\Eco.Framework_20230409\Eco.Framework\Eco.MemoryManager1\SharedFiles /IC:\Users\antip\Downloads\Eco.Framework_20230409\Eco.Framework\Eco.FileSystemManagement1\SharedFiles /IC:\Users\antip\Downloads\Eco.Framework_20230409\Eco.Framework\Eco.List1\SharedFiles /Zi /nologo /W3 /WX- /O2 /Oi /Oy- /GL /D WIN32 /D NDEBUG /D _CONSOLE /D UGUID_UTILITY /D ECO_WINDOWS /D ECO_WIN32 /D ECO_DLL /D _UNICODE /D UNICODE /Gm- /EHsc /MT /GS /Gy /fp:precise /Zc:wchar_t /Zc:forScope /Fo"Eco.Lab1UnitTest\DynamicRelease\\" /Fd"Eco.Lab1UnitTest\DynamicRelease\vc100.pdb" /Gz /TC /analyze- /errorReport:prompt ..\..\..\UnitTestFiles\SourceFiles\CEcoLab1Sink.c ..\..\..\UnitTestFiles\SourceFiles\EcoLab1.c
         CEcoLab1Sink.c
     1>..\..\..\UnitTestFiles\SourceFiles\CEcoLab1Sink.c(20): fatal error C1083: Cannot open include file: 'CEcoLab1Sink.h': No such file or directory
         EcoLab1.c
     1>..\..\..\UnitTestFiles\SourceFiles\EcoLab1.c(29): fatal error C1083: Cannot open include file: 'IdEcoCalculatorA.h': No such file or directory
     1>Done Building Project "C:\Projects\C89ShellSort\Eco.Lab1\AssemblyFiles\Windows\VisualStudio_10\Eco.Lab1UnitTest.vcxproj" (build target(s)) -- FAILED.

Build FAILED.

Time Elapsed 00:00:00.78
