Build started 27.04.2024 21:43:55.
     1>Project "C:\Projects\C89ShellSort\Eco.Lab1\AssemblyFiles\Windows\VisualStudio_10\Eco.Lab1.vcxproj" on node 2 (build target(s)).
     1>InitializeBuildStatus:
         Creating "Eco.Lab1\DynamicRelease\Eco.Lab1.unsuccessfulbuild" because "AlwaysCreate" was specified.
       ClCompile:
         C:\Program Files (x86)\Microsoft Visual Studio 10.0\VC\bin\CL.exe /c /I..\..\..\HeaderFiles /I..\..\..\SharedFiles /IC:\Users\antip\Downloads\Eco.Framework_20230409\Eco.Framework\Eco.Core1\SharedFiles /IC:\Users\antip\Downloads\Eco.Framework_20230409\Eco.Framework\Eco.InterfaceBus1\SharedFiles /IC:\Users\antip\Downloads\Eco.Framework_20230409\Eco.Framework\Eco.System1\SharedFiles /IC:\Users\antip\Downloads\Eco.Framework_20230409\Eco.Framework\Eco.MemoryManager1\SharedFiles /IC:\Users\antip\Downloads\Eco.Framework_20230409\Eco.Framework\Eco.FileSystemManagement1\SharedFiles /IC:\Users\antip\Downloads\Eco.Framework_20230409\Eco.Framework\Eco.List1\SharedFiles /Zi /nologo /W3 /WX- /O2 /Oi /Oy- /GL /D WIN32 /D NDEBUG /D _WINDOWS /D UGUID_UTILITY /D ECO_WINDOWS /D ECO_WIN32 /D ECO_DLL /D _WINDLL /D _UNICODE /D UNICODE /Gm- /EHsc /MT /GS /Gy /fp:precise /Zc:wchar_t /Zc:forScope /Fo"Eco.Lab1\DynamicRelease\\" /Fd"Eco.Lab1\DynamicRelease\vc100.pdb" /Gz /TC /analyze- /errorReport:prompt ..\..\..\SourceFiles\CEcoLab1.c ..\..\..\SourceFiles\CEcoLab1ConnectionPoint.c ..\..\..\SourceFiles\CEcoLab1EnumConnectionPoints.c ..\..\..\SourceFiles\CEcoLab1EnumConnections.c ..\..\..\SourceFiles\CEcoLab1Factory.c
         CEcoLab1.c
     1>C:\Projects\C89ShellSort\Eco.Lab1\HeaderFiles\CEcoLab1.h(27): fatal error C1083: Cannot open include file: 'IEcoCalculatorX.h': No such file or directory
         CEcoLab1ConnectionPoint.c
         CEcoLab1EnumConnectionPoints.c
         CEcoLab1EnumConnections.c
         CEcoLab1Factory.c
     1>C:\Projects\C89ShellSort\Eco.Lab1\HeaderFiles\CEcoLab1.h(27): fatal error C1083: Cannot open include file: 'IEcoCalculatorX.h': No such file or directory
     1>Done Building Project "C:\Projects\C89ShellSort\Eco.Lab1\AssemblyFiles\Windows\VisualStudio_10\Eco.Lab1.vcxproj" (build target(s)) -- FAILED.

Build FAILED.

Time Elapsed 00:00:02.70
